[2020-02-26T10:05:06.416] [INFO] http - 获取访问量和点赞数
[2020-02-26T10:05:06.444] [INFO] http - null
[2020-02-26T10:05:06.445] [INFO] http - 17173
[2020-02-26T10:05:06.463] [INFO] http - /
[2020-02-26T10:05:06.481] [INFO] http - 访问量+1
[2020-02-26T10:05:06.522] [INFO] http - [::ffff:127.0.0.1 GET / 200 107ms][ HTTP/1.1 Mozilla/5.0 (Windows NT 6.1; Win64; x64) AppleWebKit/537.36 (KHTML, like Gecko) Chrome/79.0.3945.130 Safari/537.36]
[2020-02-26T10:12:40.455] [INFO] http - 获取访问量和点赞数
[2020-02-26T10:12:40.471] [INFO] http - null
[2020-02-26T10:12:40.472] [INFO] http - 17175
[2020-02-26T10:12:40.514] [INFO] http - /
[2020-02-26T10:12:40.565] [INFO] http - 访问量+1
[2020-02-26T10:12:40.573] [INFO] http - [::ffff:127.0.0.1 GET / 200 117ms][ HTTP/1.1 Mozilla/5.0 (Windows NT 6.1; Win64; x64) AppleWebKit/537.36 (KHTML, like Gecko) Chrome/79.0.3945.130 Safari/537.36]
[2020-02-26T10:13:43.905] [INFO] http - 获取访问量和点赞数
[2020-02-26T10:13:43.920] [INFO] http - null
[2020-02-26T10:13:43.921] [INFO] http - 17176
[2020-02-26T10:13:43.938] [INFO] http - /
[2020-02-26T10:13:43.955] [INFO] http - 访问量+1
[2020-02-26T10:13:43.961] [INFO] http - [::ffff:127.0.0.1 GET / 200 57ms][ HTTP/1.1 Mozilla/5.0 (Windows NT 6.1; Win64; x64) AppleWebKit/537.36 (KHTML, like Gecko) Chrome/79.0.3945.130 Safari/537.36]
[2020-02-26T10:27:16.191] [INFO] http - 获取访问量和点赞数
[2020-02-26T10:27:16.206] [INFO] http - null
[2020-02-26T10:27:16.206] [INFO] http - 17178
[2020-02-26T10:27:16.222] [INFO] http - /
[2020-02-26T10:27:16.239] [INFO] http - 访问量+1
[2020-02-26T10:27:16.246] [INFO] http - [::ffff:127.0.0.1 GET / 200 56ms][ HTTP/1.1 Mozilla/5.0 (Windows NT 6.1; Win64; x64) AppleWebKit/537.36 (KHTML, like Gecko) Chrome/79.0.3945.130 Safari/537.36]
[2020-02-26T10:27:50.301] [INFO] http - 获取访问量和点赞数
[2020-02-26T10:27:50.316] [INFO] http - null
[2020-02-26T10:27:50.316] [INFO] http - 17179
[2020-02-26T10:27:50.334] [INFO] http - /
[2020-02-26T10:27:50.351] [INFO] http - 访问量+1
[2020-02-26T10:27:50.360] [INFO] http - [::ffff:127.0.0.1 GET / 200 59ms][ HTTP/1.1 Mozilla/5.0 (Windows NT 6.1; Win64; x64) AppleWebKit/537.36 (KHTML, like Gecko) Chrome/79.0.3945.130 Safari/537.36]
[2020-02-26T10:34:00.638] [INFO] http - 获取访问量和点赞数
[2020-02-26T10:34:00.655] [INFO] http - null
[2020-02-26T10:34:00.655] [INFO] http - 17180
[2020-02-26T10:34:00.669] [INFO] http - /
[2020-02-26T10:34:00.686] [INFO] http - 访问量+1
[2020-02-26T10:34:00.696] [INFO] http - [::ffff:127.0.0.1 GET / 200 61ms][ HTTP/1.1 Mozilla/5.0 (Windows NT 6.1; Win64; x64) AppleWebKit/537.36 (KHTML, like Gecko) Chrome/79.0.3945.130 Safari/537.36]
[2020-02-26T10:34:05.343] [INFO] http - 获取访问量和点赞数
[2020-02-26T10:34:05.358] [INFO] http - null
[2020-02-26T10:34:05.358] [INFO] http - 17181
[2020-02-26T10:34:05.373] [INFO] http - /
[2020-02-26T10:34:05.394] [INFO] http - 访问量+1
[2020-02-26T10:34:05.400] [INFO] http - [::ffff:127.0.0.1 GET / 200 57ms][ HTTP/1.1 Mozilla/5.0 (Windows NT 6.1; Win64; x64) AppleWebKit/537.36 (KHTML, like Gecko) Chrome/79.0.3945.130 Safari/537.36]
[2020-02-26T10:35:53.441] [INFO] http - 获取访问量和点赞数
[2020-02-26T10:35:53.461] [INFO] http - null
[2020-02-26T10:35:53.461] [INFO] http - 17182
[2020-02-26T10:35:53.493] [INFO] http - [::ffff:127.0.0.1 GET /public/front/css/bootstrap.min.css.map 404 53ms][ HTTP/1.1 Mozilla/5.0 (Windows NT 6.1; Win64; x64) AppleWebKit/537.36 (KHTML, like Gecko) Chrome/79.0.3945.130 Safari/537.36]
[2020-02-26T10:38:43.550] [INFO] http - 获取访问量和点赞数
[2020-02-26T10:38:43.566] [INFO] http - null
[2020-02-26T10:38:43.566] [INFO] http - 17182
[2020-02-26T10:38:43.611] [INFO] http - /
[2020-02-26T10:38:43.626] [INFO] http - 访问量+1
[2020-02-26T10:38:43.634] [INFO] http - [::ffff:127.0.0.1 GET / 200 83ms][ HTTP/1.1 Mozilla/5.0 (Windows NT 6.1; Win64; x64) AppleWebKit/537.36 (KHTML, like Gecko) Chrome/79.0.3945.130 Safari/537.36]
[2020-02-26T10:38:44.094] [INFO] http - 获取访问量和点赞数
[2020-02-26T10:38:44.110] [INFO] http - null
[2020-02-26T10:38:44.111] [INFO] http - 17183
[2020-02-26T10:38:44.126] [INFO] http - [::ffff:127.0.0.1 GET /public/front/css/bootstrap.min.css.map 404 31ms][ HTTP/1.1 Mozilla/5.0 (Windows NT 6.1; Win64; x64) AppleWebKit/537.36 (KHTML, like Gecko) Chrome/79.0.3945.130 Safari/537.36]
[2020-02-26T10:39:34.225] [INFO] http - 获取访问量和点赞数
[2020-02-26T10:39:34.241] [INFO] http - null
[2020-02-26T10:39:34.241] [INFO] http - 17183
[2020-02-26T10:39:34.256] [INFO] http - /
[2020-02-26T10:39:34.273] [INFO] http - 访问量+1
[2020-02-26T10:39:34.286] [INFO] http - [::ffff:127.0.0.1 GET / 200 62ms][ HTTP/1.1 Mozilla/5.0 (Windows NT 6.1; Win64; x64) AppleWebKit/537.36 (KHTML, like Gecko) Chrome/79.0.3945.130 Safari/537.36]
[2020-02-26T10:39:34.944] [INFO] http - 获取访问量和点赞数
[2020-02-26T10:39:35.008] [INFO] http - null
[2020-02-26T10:39:35.008] [INFO] http - 17184
[2020-02-26T10:39:35.025] [INFO] http - [::ffff:127.0.0.1 GET /public/front/css/bootstrap.min.css.map 404 81ms][ HTTP/1.1 Mozilla/5.0 (Windows NT 6.1; Win64; x64) AppleWebKit/537.36 (KHTML, like Gecko) Chrome/79.0.3945.130 Safari/537.36]
[2020-02-26T10:40:00.089] [INFO] http - 获取访问量和点赞数
[2020-02-26T10:40:00.105] [INFO] http - null
[2020-02-26T10:40:00.106] [INFO] http - 17184
[2020-02-26T10:40:00.146] [INFO] http - /
[2020-02-26T10:40:00.161] [INFO] http - 访问量+1
[2020-02-26T10:40:00.167] [INFO] http - [::ffff:127.0.0.1 GET / 200 80ms][ HTTP/1.1 Mozilla/5.0 (Windows NT 6.1; Win64; x64) AppleWebKit/537.36 (KHTML, like Gecko) Chrome/79.0.3945.130 Safari/537.36]
[2020-02-26T10:40:00.585] [INFO] http - 获取访问量和点赞数
[2020-02-26T10:40:00.600] [INFO] http - null
[2020-02-26T10:40:00.601] [INFO] http - 17185
[2020-02-26T10:40:00.617] [INFO] http - [::ffff:127.0.0.1 GET /public/front/css/bootstrap.min.css.map 404 32ms][ HTTP/1.1 Mozilla/5.0 (Windows NT 6.1; Win64; x64) AppleWebKit/537.36 (KHTML, like Gecko) Chrome/79.0.3945.130 Safari/537.36]
[2020-02-26T10:40:42.197] [INFO] http - 获取访问量和点赞数
[2020-02-26T10:40:42.214] [INFO] http - null
[2020-02-26T10:40:42.214] [INFO] http - 17185
[2020-02-26T10:40:42.235] [INFO] http - /
[2020-02-26T10:40:42.253] [INFO] http - 访问量+1
[2020-02-26T10:40:42.263] [INFO] http - [::ffff:127.0.0.1 GET / 200 66ms][ HTTP/1.1 Mozilla/5.0 (Windows NT 6.1; Win64; x64) AppleWebKit/537.36 (KHTML, like Gecko) Chrome/79.0.3945.130 Safari/537.36]
[2020-02-26T10:40:42.789] [INFO] http - 获取访问量和点赞数
[2020-02-26T10:40:42.805] [INFO] http - null
[2020-02-26T10:40:42.805] [INFO] http - 17186
[2020-02-26T10:40:42.823] [INFO] http - [::ffff:127.0.0.1 GET /public/front/css/bootstrap.min.css.map 404 34ms][ HTTP/1.1 Mozilla/5.0 (Windows NT 6.1; Win64; x64) AppleWebKit/537.36 (KHTML, like Gecko) Chrome/79.0.3945.130 Safari/537.36]
[2020-02-26T10:40:52.097] [INFO] http - 获取访问量和点赞数
[2020-02-26T10:40:52.125] [INFO] http - null
[2020-02-26T10:40:52.125] [INFO] http - 17186
[2020-02-26T10:40:52.142] [INFO] http - /
[2020-02-26T10:40:52.162] [INFO] http - 访问量+1
[2020-02-26T10:40:52.170] [INFO] http - [::ffff:127.0.0.1 GET / 200 73ms][ HTTP/1.1 Mozilla/5.0 (Windows NT 6.1; Win64; x64) AppleWebKit/537.36 (KHTML, like Gecko) Chrome/79.0.3945.130 Safari/537.36]
[2020-02-26T10:40:52.743] [INFO] http - 获取访问量和点赞数
[2020-02-26T10:40:52.765] [INFO] http - null
[2020-02-26T10:40:52.765] [INFO] http - 17187
[2020-02-26T10:40:52.781] [INFO] http - [::ffff:127.0.0.1 GET /public/front/css/bootstrap.min.css.map 404 38ms][ HTTP/1.1 Mozilla/5.0 (Windows NT 6.1; Win64; x64) AppleWebKit/537.36 (KHTML, like Gecko) Chrome/79.0.3945.130 Safari/537.36]
[2020-02-26T10:42:38.865] [INFO] http - 获取访问量和点赞数
[2020-02-26T10:42:38.889] [INFO] http - null
[2020-02-26T10:42:38.890] [INFO] http - 17187
[2020-02-26T10:42:38.910] [INFO] http - /
[2020-02-26T10:42:38.925] [INFO] http - 访问量+1
[2020-02-26T10:42:38.933] [INFO] http - [::ffff:127.0.0.1 GET / 200 68ms][ HTTP/1.1 Mozilla/5.0 (Windows NT 6.1; Win64; x64) AppleWebKit/537.36 (KHTML, like Gecko) Chrome/79.0.3945.130 Safari/537.36]
[2020-02-26T10:42:39.484] [INFO] http - 获取访问量和点赞数
[2020-02-26T10:42:39.502] [INFO] http - null
[2020-02-26T10:42:39.503] [INFO] http - 17188
[2020-02-26T10:42:39.518] [INFO] http - [::ffff:127.0.0.1 GET /public/front/css/bootstrap.min.css.map 404 34ms][ HTTP/1.1 Mozilla/5.0 (Windows NT 6.1; Win64; x64) AppleWebKit/537.36 (KHTML, like Gecko) Chrome/79.0.3945.130 Safari/537.36]
[2020-02-26T10:42:58.132] [INFO] http - 获取访问量和点赞数
[2020-02-26T10:42:58.149] [INFO] http - null
[2020-02-26T10:42:58.149] [INFO] http - 17188
[2020-02-26T10:42:58.163] [INFO] http - /
[2020-02-26T10:42:58.178] [INFO] http - 访问量+1
[2020-02-26T10:42:58.187] [INFO] http - [::ffff:127.0.0.1 GET / 200 55ms][ HTTP/1.1 Mozilla/5.0 (Windows NT 6.1; Win64; x64) AppleWebKit/537.36 (KHTML, like Gecko) Chrome/79.0.3945.130 Safari/537.36]
[2020-02-26T10:42:58.794] [INFO] http - 获取访问量和点赞数
[2020-02-26T10:42:58.811] [INFO] http - null
[2020-02-26T10:42:58.812] [INFO] http - 17189
[2020-02-26T10:42:58.831] [INFO] http - [::ffff:127.0.0.1 GET /public/front/css/bootstrap.min.css.map 404 37ms][ HTTP/1.1 Mozilla/5.0 (Windows NT 6.1; Win64; x64) AppleWebKit/537.36 (KHTML, like Gecko) Chrome/79.0.3945.130 Safari/537.36]
[2020-02-26T10:43:11.444] [INFO] http - 获取访问量和点赞数
[2020-02-26T10:43:11.460] [INFO] http - null
[2020-02-26T10:43:11.460] [INFO] http - 17189
[2020-02-26T10:43:11.488] [INFO] http - /
[2020-02-26T10:43:11.503] [INFO] http - 访问量+1
[2020-02-26T10:43:11.510] [INFO] http - [::ffff:127.0.0.1 GET / 200 66ms][ HTTP/1.1 Mozilla/5.0 (Windows NT 6.1; Win64; x64) AppleWebKit/537.36 (KHTML, like Gecko) Chrome/79.0.3945.130 Safari/537.36]
[2020-02-26T10:43:12.124] [INFO] http - 获取访问量和点赞数
[2020-02-26T10:43:12.149] [INFO] http - null
[2020-02-26T10:43:12.149] [INFO] http - 17190
[2020-02-26T10:43:12.166] [INFO] http - [::ffff:127.0.0.1 GET /public/front/css/bootstrap.min.css.map 404 41ms][ HTTP/1.1 Mozilla/5.0 (Windows NT 6.1; Win64; x64) AppleWebKit/537.36 (KHTML, like Gecko) Chrome/79.0.3945.130 Safari/537.36]
[2020-02-26T10:43:33.575] [INFO] http - 获取访问量和点赞数
[2020-02-26T10:43:33.592] [INFO] http - null
[2020-02-26T10:43:33.592] [INFO] http - 17190
[2020-02-26T10:43:33.606] [INFO] http - /
[2020-02-26T10:43:33.626] [INFO] http - 访问量+1
[2020-02-26T10:43:33.633] [INFO] http - [::ffff:127.0.0.1 GET / 200 57ms][ HTTP/1.1 Mozilla/5.0 (Windows NT 6.1; Win64; x64) AppleWebKit/537.36 (KHTML, like Gecko) Chrome/79.0.3945.130 Safari/537.36]
[2020-02-26T10:43:34.201] [INFO] http - 获取访问量和点赞数
[2020-02-26T10:43:34.217] [INFO] http - null
[2020-02-26T10:43:34.218] [INFO] http - 17191
[2020-02-26T10:43:34.233] [INFO] http - [::ffff:127.0.0.1 GET /public/front/css/bootstrap.min.css.map 404 32ms][ HTTP/1.1 Mozilla/5.0 (Windows NT 6.1; Win64; x64) AppleWebKit/537.36 (KHTML, like Gecko) Chrome/79.0.3945.130 Safari/537.36]
[2020-02-26T10:44:00.595] [INFO] http - 获取访问量和点赞数
[2020-02-26T10:44:00.614] [INFO] http - null
[2020-02-26T10:44:00.614] [INFO] http - 17191
[2020-02-26T10:44:00.629] [INFO] http - /
[2020-02-26T10:44:00.645] [INFO] http - 访问量+1
[2020-02-26T10:44:00.650] [INFO] http - [::ffff:127.0.0.1 GET / 200 56ms][ HTTP/1.1 Mozilla/5.0 (Windows NT 6.1; Win64; x64) AppleWebKit/537.36 (KHTML, like Gecko) Chrome/79.0.3945.130 Safari/537.36]
[2020-02-26T10:44:01.200] [INFO] http - 获取访问量和点赞数
[2020-02-26T10:44:01.216] [INFO] http - null
[2020-02-26T10:44:01.216] [INFO] http - 17192
[2020-02-26T10:44:01.234] [INFO] http - [::ffff:127.0.0.1 GET /public/front/css/bootstrap.min.css.map 404 34ms][ HTTP/1.1 Mozilla/5.0 (Windows NT 6.1; Win64; x64) AppleWebKit/537.36 (KHTML, like Gecko) Chrome/79.0.3945.130 Safari/537.36]
[2020-02-26T10:44:22.355] [INFO] http - 获取访问量和点赞数
[2020-02-26T10:44:22.371] [INFO] http - null
[2020-02-26T10:44:22.372] [INFO] http - 17192
[2020-02-26T10:44:22.387] [INFO] http - /
[2020-02-26T10:44:22.422] [INFO] http - 访问量+1
[2020-02-26T10:44:22.428] [INFO] http - [::ffff:127.0.0.1 GET / 200 72ms][ HTTP/1.1 Mozilla/5.0 (Windows NT 6.1; Win64; x64) AppleWebKit/537.36 (KHTML, like Gecko) Chrome/79.0.3945.130 Safari/537.36]
[2020-02-26T10:44:22.998] [INFO] http - 获取访问量和点赞数
[2020-02-26T10:44:23.013] [INFO] http - null
[2020-02-26T10:44:23.014] [INFO] http - 17193
[2020-02-26T10:44:23.031] [INFO] http - [::ffff:127.0.0.1 GET /public/front/css/bootstrap.min.css.map 404 33ms][ HTTP/1.1 Mozilla/5.0 (Windows NT 6.1; Win64; x64) AppleWebKit/537.36 (KHTML, like Gecko) Chrome/79.0.3945.130 Safari/537.36]
[2020-02-26T10:44:34.467] [INFO] http - 获取访问量和点赞数
[2020-02-26T10:44:34.482] [INFO] http - null
[2020-02-26T10:44:34.482] [INFO] http - 17193
[2020-02-26T10:44:34.499] [INFO] http - /
[2020-02-26T10:44:34.522] [INFO] http - 访问量+1
[2020-02-26T10:44:34.529] [INFO] http - [::ffff:127.0.0.1 GET / 200 63ms][ HTTP/1.1 Mozilla/5.0 (Windows NT 6.1; Win64; x64) AppleWebKit/537.36 (KHTML, like Gecko) Chrome/79.0.3945.130 Safari/537.36]
[2020-02-26T10:44:34.967] [INFO] http - 获取访问量和点赞数
[2020-02-26T10:44:34.987] [INFO] http - null
[2020-02-26T10:44:34.987] [INFO] http - 17194
[2020-02-26T10:44:35.024] [INFO] http - [::ffff:127.0.0.1 GET /public/front/css/bootstrap.min.css.map 404 61ms][ HTTP/1.1 Mozilla/5.0 (Windows NT 6.1; Win64; x64) AppleWebKit/537.36 (KHTML, like Gecko) Chrome/79.0.3945.130 Safari/537.36]
[2020-02-26T10:44:53.539] [INFO] http - 获取访问量和点赞数
[2020-02-26T10:44:53.589] [INFO] http - null
[2020-02-26T10:44:53.590] [INFO] http - 17194
[2020-02-26T10:44:53.605] [INFO] http - /
[2020-02-26T10:44:53.627] [INFO] http - 访问量+1
[2020-02-26T10:44:53.633] [INFO] http - [::ffff:127.0.0.1 GET / 200 95ms][ HTTP/1.1 Mozilla/5.0 (Windows NT 6.1; Win64; x64) AppleWebKit/537.36 (KHTML, like Gecko) Chrome/79.0.3945.130 Safari/537.36]
[2020-02-26T10:44:54.105] [INFO] http - 获取访问量和点赞数
[2020-02-26T10:44:54.181] [INFO] http - null
[2020-02-26T10:44:54.181] [INFO] http - 17195
[2020-02-26T10:44:54.196] [INFO] http - [::ffff:127.0.0.1 GET /public/front/css/bootstrap.min.css.map 404 92ms][ HTTP/1.1 Mozilla/5.0 (Windows NT 6.1; Win64; x64) AppleWebKit/537.36 (KHTML, like Gecko) Chrome/79.0.3945.130 Safari/537.36]
[2020-02-26T10:45:26.282] [INFO] http - 获取访问量和点赞数
[2020-02-26T10:45:26.298] [INFO] http - null
[2020-02-26T10:45:26.298] [INFO] http - 17195
[2020-02-26T10:45:26.317] [INFO] http - /
[2020-02-26T10:45:26.337] [INFO] http - 访问量+1
[2020-02-26T10:45:26.343] [INFO] http - [::ffff:127.0.0.1 GET / 200 61ms][ HTTP/1.1 Mozilla/5.0 (Windows NT 6.1; Win64; x64) AppleWebKit/537.36 (KHTML, like Gecko) Chrome/79.0.3945.130 Safari/537.36]
[2020-02-26T10:45:26.695] [INFO] http - 获取访问量和点赞数
[2020-02-26T10:45:26.712] [INFO] http - null
[2020-02-26T10:45:26.712] [INFO] http - 17196
[2020-02-26T10:45:26.730] [INFO] http - [::ffff:127.0.0.1 GET /public/front/css/bootstrap.min.css.map 404 35ms][ HTTP/1.1 Mozilla/5.0 (Windows NT 6.1; Win64; x64) AppleWebKit/537.36 (KHTML, like Gecko) Chrome/79.0.3945.130 Safari/537.36]
[2020-02-26T10:50:25.445] [INFO] http - 获取访问量和点赞数
[2020-02-26T10:50:25.465] [INFO] http - null
[2020-02-26T10:50:25.465] [INFO] http - 17196
[2020-02-26T10:50:25.497] [INFO] http - /
[2020-02-26T10:50:25.512] [INFO] http - 访问量+1
[2020-02-26T10:50:25.518] [INFO] http - [::ffff:127.0.0.1 GET / 200 74ms][ HTTP/1.1 Mozilla/5.0 (Windows NT 6.1; Win64; x64) AppleWebKit/537.36 (KHTML, like Gecko) Chrome/79.0.3945.130 Safari/537.36]
[2020-02-26T10:50:26.064] [INFO] http - 获取访问量和点赞数
[2020-02-26T10:50:26.083] [INFO] http - null
[2020-02-26T10:50:26.083] [INFO] http - 17197
[2020-02-26T10:50:26.104] [INFO] http - [::ffff:127.0.0.1 GET /public/front/css/bootstrap.min.css.map 404 40ms][ HTTP/1.1 Mozilla/5.0 (Windows NT 6.1; Win64; x64) AppleWebKit/537.36 (KHTML, like Gecko) Chrome/79.0.3945.130 Safari/537.36]
[2020-02-26T10:51:04.266] [INFO] http - 获取访问量和点赞数
[2020-02-26T10:51:04.280] [INFO] http - null
[2020-02-26T10:51:04.281] [INFO] http - 17197
[2020-02-26T10:51:04.298] [INFO] http - /
[2020-02-26T10:51:04.314] [INFO] http - 访问量+1
[2020-02-26T10:51:04.324] [INFO] http - [::ffff:127.0.0.1 GET / 200 58ms][ HTTP/1.1 Mozilla/5.0 (Windows NT 6.1; Win64; x64) AppleWebKit/537.36 (KHTML, like Gecko) Chrome/79.0.3945.130 Safari/537.36]
[2020-02-26T10:51:04.839] [INFO] http - 获取访问量和点赞数
[2020-02-26T10:51:04.859] [INFO] http - null
[2020-02-26T10:51:04.860] [INFO] http - 17198
[2020-02-26T10:51:04.875] [INFO] http - [::ffff:127.0.0.1 GET /public/front/css/bootstrap.min.css.map 404 36ms][ HTTP/1.1 Mozilla/5.0 (Windows NT 6.1; Win64; x64) AppleWebKit/537.36 (KHTML, like Gecko) Chrome/79.0.3945.130 Safari/537.36]
[2020-02-26T10:51:20.347] [INFO] http - 获取访问量和点赞数
[2020-02-26T10:51:20.368] [INFO] http - null
[2020-02-26T10:51:20.368] [INFO] http - 17198
[2020-02-26T10:51:20.385] [INFO] http - /
[2020-02-26T10:51:20.400] [INFO] http - 访问量+1
[2020-02-26T10:51:20.408] [INFO] http - [::ffff:127.0.0.1 GET / 200 61ms][ HTTP/1.1 Mozilla/5.0 (Windows NT 6.1; Win64; x64) AppleWebKit/537.36 (KHTML, like Gecko) Chrome/79.0.3945.130 Safari/537.36]
[2020-02-26T10:51:20.929] [INFO] http - 获取访问量和点赞数
[2020-02-26T10:51:20.944] [INFO] http - null
[2020-02-26T10:51:20.944] [INFO] http - 17199
[2020-02-26T10:51:20.960] [INFO] http - [::ffff:127.0.0.1 GET /public/front/css/bootstrap.min.css.map 404 32ms][ HTTP/1.1 Mozilla/5.0 (Windows NT 6.1; Win64; x64) AppleWebKit/537.36 (KHTML, like Gecko) Chrome/79.0.3945.130 Safari/537.36]
[2020-02-26T10:52:08.414] [INFO] http - 获取访问量和点赞数
[2020-02-26T10:52:08.460] [INFO] http - null
[2020-02-26T10:52:08.460] [INFO] http - 17199
[2020-02-26T10:52:08.503] [INFO] http - /
[2020-02-26T10:52:08.581] [INFO] http - 访问量+1
[2020-02-26T10:52:08.587] [INFO] http - [::ffff:127.0.0.1 GET / 200 173ms][ HTTP/1.1 Mozilla/5.0 (Windows NT 6.1; Win64; x64) AppleWebKit/537.36 (KHTML, like Gecko) Chrome/79.0.3945.130 Safari/537.36]
[2020-02-26T10:52:09.357] [INFO] http - 获取访问量和点赞数
[2020-02-26T10:52:09.460] [INFO] http - null
[2020-02-26T10:52:09.460] [INFO] http - 17200
[2020-02-26T10:52:09.532] [INFO] http - [::ffff:127.0.0.1 GET /public/front/css/bootstrap.min.css.map 404 176ms][ HTTP/1.1 Mozilla/5.0 (Windows NT 6.1; Win64; x64) AppleWebKit/537.36 (KHTML, like Gecko) Chrome/79.0.3945.130 Safari/537.36]
[2020-02-26T10:53:14.859] [INFO] http - 获取访问量和点赞数
[2020-02-26T10:53:14.875] [INFO] http - null
[2020-02-26T10:53:14.875] [INFO] http - 17200
[2020-02-26T10:53:14.889] [INFO] http - /
[2020-02-26T10:53:14.904] [INFO] http - 访问量+1
[2020-02-26T10:53:14.913] [INFO] http - [::ffff:127.0.0.1 GET / 200 53ms][ HTTP/1.1 Mozilla/5.0 (Windows NT 6.1; Win64; x64) AppleWebKit/537.36 (KHTML, like Gecko) Chrome/79.0.3945.130 Safari/537.36]
[2020-02-26T10:53:15.401] [INFO] http - 获取访问量和点赞数
[2020-02-26T10:53:15.418] [INFO] http - null
[2020-02-26T10:53:15.418] [INFO] http - 17201
[2020-02-26T10:53:15.433] [INFO] http - [::ffff:127.0.0.1 GET /public/front/css/bootstrap.min.css.map 404 32ms][ HTTP/1.1 Mozilla/5.0 (Windows NT 6.1; Win64; x64) AppleWebKit/537.36 (KHTML, like Gecko) Chrome/79.0.3945.130 Safari/537.36]
[2020-02-26T10:53:54.272] [INFO] http - 获取访问量和点赞数
[2020-02-26T10:53:54.288] [INFO] http - null
[2020-02-26T10:53:54.289] [INFO] http - 17201
[2020-02-26T10:53:54.304] [INFO] http - /
[2020-02-26T10:53:54.318] [INFO] http - 访问量+1
[2020-02-26T10:53:54.324] [INFO] http - [::ffff:127.0.0.1 GET / 200 51ms][ HTTP/1.1 Mozilla/5.0 (Windows NT 6.1; Win64; x64) AppleWebKit/537.36 (KHTML, like Gecko) Chrome/79.0.3945.130 Safari/537.36]
[2020-02-26T10:53:54.876] [INFO] http - 获取访问量和点赞数
[2020-02-26T10:53:54.892] [INFO] http - null
[2020-02-26T10:53:54.892] [INFO] http - 17202
[2020-02-26T10:53:54.907] [INFO] http - [::ffff:127.0.0.1 GET /public/front/css/bootstrap.min.css.map 404 31ms][ HTTP/1.1 Mozilla/5.0 (Windows NT 6.1; Win64; x64) AppleWebKit/537.36 (KHTML, like Gecko) Chrome/79.0.3945.130 Safari/537.36]
[2020-02-26T10:54:25.163] [INFO] http - 获取访问量和点赞数
[2020-02-26T10:54:25.179] [INFO] http - null
[2020-02-26T10:54:25.180] [INFO] http - 17202
[2020-02-26T10:54:25.194] [INFO] http - [::ffff:127.0.0.1 GET /public/front/css/bootstrap.min.css.map 404 31ms][ HTTP/1.1 Mozilla/5.0 (Windows NT 6.1; Win64; x64) AppleWebKit/537.36 (KHTML, like Gecko) Chrome/79.0.3945.130 Safari/537.36]
[2020-02-26T10:55:11.674] [INFO] http - 获取访问量和点赞数
[2020-02-26T10:55:11.689] [INFO] http - null
[2020-02-26T10:55:11.689] [INFO] http - 17203
[2020-02-26T10:55:11.704] [INFO] http - /
[2020-02-26T10:55:11.719] [INFO] http - 访问量+1
[2020-02-26T10:55:11.724] [INFO] http - [::ffff:127.0.0.1 GET / 200 50ms][ HTTP/1.1 Mozilla/5.0 (Windows NT 6.1; Win64; x64) AppleWebKit/537.36 (KHTML, like Gecko) Chrome/79.0.3945.130 Safari/537.36]
[2020-02-26T10:55:58.485] [INFO] http - 获取访问量和点赞数
[2020-02-26T10:55:58.501] [INFO] http - null
[2020-02-26T10:55:58.501] [INFO] http - 17204
[2020-02-26T10:55:58.517] [INFO] http - [::ffff:127.0.0.1 GET /public/front/css/bootstrap.min.css.map 404 32ms][ HTTP/1.1 Mozilla/5.0 (Windows NT 6.1; Win64; x64) AppleWebKit/537.36 (KHTML, like Gecko) Chrome/79.0.3945.130 Safari/537.36]
[2020-02-26T10:56:15.571] [INFO] http - 获取访问量和点赞数
[2020-02-26T10:56:15.588] [INFO] http - null
[2020-02-26T10:56:15.588] [INFO] http - 17204
[2020-02-26T10:56:15.603] [INFO] http - /
[2020-02-26T10:56:15.620] [INFO] http - 访问量+1
[2020-02-26T10:56:15.625] [INFO] http - [::ffff:127.0.0.1 GET / 200 54ms][ HTTP/1.1 Mozilla/5.0 (Windows NT 6.1; Win64; x64) AppleWebKit/537.36 (KHTML, like Gecko) Chrome/79.0.3945.130 Safari/537.36]
[2020-02-26T10:56:16.018] [INFO] http - 获取访问量和点赞数
[2020-02-26T10:56:16.034] [INFO] http - null
[2020-02-26T10:56:16.034] [INFO] http - 17205
[2020-02-26T10:56:16.053] [INFO] http - [::ffff:127.0.0.1 GET /public/front/css/bootstrap.min.css.map 404 35ms][ HTTP/1.1 Mozilla/5.0 (Windows NT 6.1; Win64; x64) AppleWebKit/537.36 (KHTML, like Gecko) Chrome/79.0.3945.130 Safari/537.36]
[2020-02-26T10:56:52.949] [INFO] http - 获取访问量和点赞数
[2020-02-26T10:56:52.968] [INFO] http - null
[2020-02-26T10:56:52.968] [INFO] http - 17205
[2020-02-26T10:56:53.009] [INFO] http - /
[2020-02-26T10:56:53.025] [INFO] http - 访问量+1
[2020-02-26T10:56:53.032] [INFO] http - [::ffff:127.0.0.1 GET / 200 83ms][ HTTP/1.1 Mozilla/5.0 (Windows NT 6.1; Win64; x64) AppleWebKit/537.36 (KHTML, like Gecko) Chrome/79.0.3945.130 Safari/537.36]
[2020-02-26T10:56:53.552] [INFO] http - 获取访问量和点赞数
[2020-02-26T10:56:53.572] [INFO] http - null
[2020-02-26T10:56:53.572] [INFO] http - 17206
[2020-02-26T10:56:53.588] [INFO] http - [::ffff:127.0.0.1 GET /public/front/css/bootstrap.min.css.map 404 35ms][ HTTP/1.1 Mozilla/5.0 (Windows NT 6.1; Win64; x64) AppleWebKit/537.36 (KHTML, like Gecko) Chrome/79.0.3945.130 Safari/537.36]
[2020-02-26T10:57:16.889] [INFO] http - 获取访问量和点赞数
[2020-02-26T10:57:16.909] [INFO] http - null
[2020-02-26T10:57:16.910] [INFO] http - 17206
[2020-02-26T10:57:16.929] [INFO] http - /
[2020-02-26T10:57:16.944] [INFO] http - 访问量+1
[2020-02-26T10:57:16.966] [INFO] http - [::ffff:127.0.0.1 GET / 200 77ms][ HTTP/1.1 Mozilla/5.0 (Windows NT 6.1; Win64; x64) AppleWebKit/537.36 (KHTML, like Gecko) Chrome/79.0.3945.130 Safari/537.36]
[2020-02-26T10:57:17.573] [INFO] http - 获取访问量和点赞数
[2020-02-26T10:57:17.600] [INFO] http - null
[2020-02-26T10:57:17.600] [INFO] http - 17207
[2020-02-26T10:57:17.616] [INFO] http - [::ffff:127.0.0.1 GET /public/front/css/bootstrap.min.css.map 404 42ms][ HTTP/1.1 Mozilla/5.0 (Windows NT 6.1; Win64; x64) AppleWebKit/537.36 (KHTML, like Gecko) Chrome/79.0.3945.130 Safari/537.36]
[2020-02-26T10:57:26.543] [INFO] http - 获取访问量和点赞数
[2020-02-26T10:57:26.559] [INFO] http - null
[2020-02-26T10:57:26.559] [INFO] http - 17207
[2020-02-26T10:57:26.575] [INFO] http - /
[2020-02-26T10:57:26.589] [INFO] http - 访问量+1
[2020-02-26T10:57:26.595] [INFO] http - [::ffff:127.0.0.1 GET / 200 52ms][ HTTP/1.1 Mozilla/5.0 (Windows NT 6.1; Win64; x64) AppleWebKit/537.36 (KHTML, like Gecko) Chrome/79.0.3945.130 Safari/537.36]
[2020-02-26T10:57:27.034] [INFO] http - 获取访问量和点赞数
[2020-02-26T10:57:27.091] [INFO] http - null
[2020-02-26T10:57:27.091] [INFO] http - 17208
[2020-02-26T10:57:27.106] [INFO] http - [::ffff:127.0.0.1 GET /public/front/css/bootstrap.min.css.map 404 72ms][ HTTP/1.1 Mozilla/5.0 (Windows NT 6.1; Win64; x64) AppleWebKit/537.36 (KHTML, like Gecko) Chrome/79.0.3945.130 Safari/537.36]
[2020-02-26T10:57:45.495] [INFO] http - 获取访问量和点赞数
[2020-02-26T10:57:45.537] [INFO] http - null
[2020-02-26T10:57:45.537] [INFO] http - 17208
[2020-02-26T10:57:45.556] [INFO] http - /
[2020-02-26T10:57:45.576] [INFO] http - 访问量+1
[2020-02-26T10:57:45.581] [INFO] http - [::ffff:127.0.0.1 GET / 200 87ms][ HTTP/1.1 Mozilla/5.0 (Windows NT 6.1; Win64; x64) AppleWebKit/537.36 (KHTML, like Gecko) Chrome/79.0.3945.130 Safari/537.36]
[2020-02-26T10:57:46.042] [INFO] http - 获取访问量和点赞数
[2020-02-26T10:57:46.063] [INFO] http - null
[2020-02-26T10:57:46.063] [INFO] http - 17209
[2020-02-26T10:57:46.080] [INFO] http - [::ffff:127.0.0.1 GET /public/front/css/bootstrap.min.css.map 404 39ms][ HTTP/1.1 Mozilla/5.0 (Windows NT 6.1; Win64; x64) AppleWebKit/537.36 (KHTML, like Gecko) Chrome/79.0.3945.130 Safari/537.36]
[2020-02-26T10:59:45.006] [INFO] http - 获取访问量和点赞数
[2020-02-26T10:59:45.022] [INFO] http - null
[2020-02-26T10:59:45.023] [INFO] http - 17209
[2020-02-26T10:59:45.041] [INFO] http - /
[2020-02-26T10:59:45.057] [INFO] http - 访问量+1
[2020-02-26T10:59:45.062] [INFO] http - [::ffff:127.0.0.1 GET / 200 56ms][ HTTP/1.1 Mozilla/5.0 (Windows NT 6.1; Win64; x64) AppleWebKit/537.36 (KHTML, like Gecko) Chrome/79.0.3945.130 Safari/537.36]
[2020-02-26T10:59:45.665] [INFO] http - 获取访问量和点赞数
[2020-02-26T10:59:45.683] [INFO] http - null
[2020-02-26T10:59:45.684] [INFO] http - 17210
[2020-02-26T10:59:45.701] [INFO] http - [::ffff:127.0.0.1 GET /public/front/css/bootstrap.min.css.map 404 36ms][ HTTP/1.1 Mozilla/5.0 (Windows NT 6.1; Win64; x64) AppleWebKit/537.36 (KHTML, like Gecko) Chrome/79.0.3945.130 Safari/537.36]
[2020-02-26T11:00:30.215] [INFO] http - 获取访问量和点赞数
[2020-02-26T11:00:30.237] [INFO] http - null
[2020-02-26T11:00:30.237] [INFO] http - 17210
[2020-02-26T11:00:30.253] [INFO] http - /
[2020-02-26T11:00:30.513] [INFO] http - 访问量+1
[2020-02-26T11:00:30.518] [INFO] http - [::ffff:127.0.0.1 GET / 200 304ms][ HTTP/1.1 Mozilla/5.0 (Windows NT 6.1; Win64; x64) AppleWebKit/537.36 (KHTML, like Gecko) Chrome/79.0.3945.130 Safari/537.36]
[2020-02-26T11:00:30.982] [INFO] http - 获取访问量和点赞数
[2020-02-26T11:00:30.997] [INFO] http - null
[2020-02-26T11:00:30.998] [INFO] http - 17211
[2020-02-26T11:00:31.015] [INFO] http - [::ffff:127.0.0.1 GET /public/front/css/bootstrap.min.css.map 404 33ms][ HTTP/1.1 Mozilla/5.0 (Windows NT 6.1; Win64; x64) AppleWebKit/537.36 (KHTML, like Gecko) Chrome/79.0.3945.130 Safari/537.36]
[2020-02-26T11:00:45.708] [INFO] http - 获取访问量和点赞数
[2020-02-26T11:00:45.726] [INFO] http - null
[2020-02-26T11:00:45.726] [INFO] http - 17211
[2020-02-26T11:00:45.740] [INFO] http - /
[2020-02-26T11:00:45.755] [INFO] http - 访问量+1
[2020-02-26T11:00:45.763] [INFO] http - [::ffff:127.0.0.1 GET / 200 55ms][ HTTP/1.1 Mozilla/5.0 (Windows NT 6.1; Win64; x64) AppleWebKit/537.36 (KHTML, like Gecko) Chrome/79.0.3945.130 Safari/537.36]
[2020-02-26T11:00:46.144] [INFO] http - 获取访问量和点赞数
[2020-02-26T11:00:46.160] [INFO] http - null
[2020-02-26T11:00:46.160] [INFO] http - 17212
[2020-02-26T11:00:46.175] [INFO] http - [::ffff:127.0.0.1 GET /public/front/css/bootstrap.min.css.map 404 31ms][ HTTP/1.1 Mozilla/5.0 (Windows NT 6.1; Win64; x64) AppleWebKit/537.36 (KHTML, like Gecko) Chrome/79.0.3945.130 Safari/537.36]
[2020-02-26T11:03:30.518] [INFO] http - 获取访问量和点赞数
[2020-02-26T11:03:30.538] [INFO] http - null
[2020-02-26T11:03:30.541] [INFO] http - 17213
[2020-02-26T11:03:30.557] [INFO] http - /
[2020-02-26T11:03:30.575] [INFO] http - 访问量+1
[2020-02-26T11:03:30.588] [INFO] http - [::ffff:127.0.0.1 GET / 200 70ms][ HTTP/1.1 Mozilla/5.0 (Windows NT 6.1; Win64; x64) AppleWebKit/537.36 (KHTML, like Gecko) Chrome/79.0.3945.130 Safari/537.36]
[2020-02-26T11:03:31.165] [INFO] http - 获取访问量和点赞数
[2020-02-26T11:03:31.180] [INFO] http - null
[2020-02-26T11:03:31.181] [INFO] http - 17214
[2020-02-26T11:03:31.198] [INFO] http - [::ffff:127.0.0.1 GET /public/front/css/bootstrap.min.css.map 404 33ms][ HTTP/1.1 Mozilla/5.0 (Windows NT 6.1; Win64; x64) AppleWebKit/537.36 (KHTML, like Gecko) Chrome/79.0.3945.130 Safari/537.36]
[2020-02-26T11:03:50.999] [INFO] http - 获取访问量和点赞数
[2020-02-26T11:03:51.014] [INFO] http - null
[2020-02-26T11:03:51.015] [INFO] http - 17214
[2020-02-26T11:03:51.031] [INFO] http - /
[2020-02-26T11:03:51.046] [INFO] http - 访问量+1
[2020-02-26T11:03:51.052] [INFO] http - [::ffff:127.0.0.1 GET / 200 53ms][ HTTP/1.1 Mozilla/5.0 (Windows NT 6.1; Win64; x64) AppleWebKit/537.36 (KHTML, like Gecko) Chrome/79.0.3945.130 Safari/537.36]
[2020-02-26T11:03:51.601] [INFO] http - 获取访问量和点赞数
[2020-02-26T11:03:51.617] [INFO] http - null
[2020-02-26T11:03:51.617] [INFO] http - 17215
[2020-02-26T11:03:51.637] [INFO] http - [::ffff:127.0.0.1 GET /public/front/css/bootstrap.min.css.map 404 36ms][ HTTP/1.1 Mozilla/5.0 (Windows NT 6.1; Win64; x64) AppleWebKit/537.36 (KHTML, like Gecko) Chrome/79.0.3945.130 Safari/537.36]
[2020-02-26T11:05:03.359] [INFO] http - 获取访问量和点赞数
[2020-02-26T11:05:03.393] [INFO] http - null
[2020-02-26T11:05:03.393] [INFO] http - 17215
[2020-02-26T11:05:03.407] [INFO] http - /
[2020-02-26T11:05:03.422] [INFO] http - 访问量+1
[2020-02-26T11:05:03.427] [INFO] http - [::ffff:127.0.0.1 GET / 200 71ms][ HTTP/1.1 Mozilla/5.0 (Windows NT 6.1; Win64; x64) AppleWebKit/537.36 (KHTML, like Gecko) Chrome/79.0.3945.130 Safari/537.36]
[2020-02-26T11:05:03.886] [INFO] http - 获取访问量和点赞数
[2020-02-26T11:05:03.901] [INFO] http - null
[2020-02-26T11:05:03.901] [INFO] http - 17216
[2020-02-26T11:05:03.926] [INFO] http - [::ffff:127.0.0.1 GET /public/front/css/bootstrap.min.css.map 404 40ms][ HTTP/1.1 Mozilla/5.0 (Windows NT 6.1; Win64; x64) AppleWebKit/537.36 (KHTML, like Gecko) Chrome/79.0.3945.130 Safari/537.36]
[2020-02-26T11:05:54.389] [INFO] http - 获取访问量和点赞数
[2020-02-26T11:05:54.411] [INFO] http - null
[2020-02-26T11:05:54.411] [INFO] http - 17216
[2020-02-26T11:05:54.427] [INFO] http - /
[2020-02-26T11:05:54.449] [INFO] http - 访问量+1
[2020-02-26T11:05:54.454] [INFO] http - [::ffff:127.0.0.1 GET / 200 66ms][ HTTP/1.1 Mozilla/5.0 (Windows NT 6.1; Win64; x64) AppleWebKit/537.36 (KHTML, like Gecko) Chrome/79.0.3945.130 Safari/537.36]
[2020-02-26T11:05:54.923] [INFO] http - 获取访问量和点赞数
[2020-02-26T11:05:54.937] [INFO] http - null
[2020-02-26T11:05:54.937] [INFO] http - 17217
[2020-02-26T11:05:54.953] [INFO] http - [::ffff:127.0.0.1 GET /public/front/css/bootstrap.min.css.map 404 31ms][ HTTP/1.1 Mozilla/5.0 (Windows NT 6.1; Win64; x64) AppleWebKit/537.36 (KHTML, like Gecko) Chrome/79.0.3945.130 Safari/537.36]
[2020-02-26T11:06:32.199] [INFO] http - 获取访问量和点赞数
[2020-02-26T11:06:32.215] [INFO] http - null
[2020-02-26T11:06:32.215] [INFO] http - 17217
[2020-02-26T11:06:32.231] [INFO] http - /
[2020-02-26T11:06:32.248] [INFO] http - 访问量+1
[2020-02-26T11:06:32.253] [INFO] http - [::ffff:127.0.0.1 GET / 200 54ms][ HTTP/1.1 Mozilla/5.0 (Windows NT 6.1; Win64; x64) AppleWebKit/537.36 (KHTML, like Gecko) Chrome/79.0.3945.130 Safari/537.36]
[2020-02-26T11:06:32.593] [INFO] http - 获取访问量和点赞数
[2020-02-26T11:06:32.609] [INFO] http - null
[2020-02-26T11:06:32.610] [INFO] http - 17218
[2020-02-26T11:06:32.625] [INFO] http - [::ffff:127.0.0.1 GET /public/front/css/bootstrap.min.css.map 404 31ms][ HTTP/1.1 Mozilla/5.0 (Windows NT 6.1; Win64; x64) AppleWebKit/537.36 (KHTML, like Gecko) Chrome/79.0.3945.130 Safari/537.36]
[2020-02-26T11:06:52.259] [INFO] http - 获取访问量和点赞数
[2020-02-26T11:06:52.280] [INFO] http - null
[2020-02-26T11:06:52.281] [INFO] http - 17218
[2020-02-26T11:06:52.299] [INFO] http - /
[2020-02-26T11:06:52.320] [INFO] http - 访问量+1
[2020-02-26T11:06:52.328] [INFO] http - [::ffff:127.0.0.1 GET / 200 69ms][ HTTP/1.1 Mozilla/5.0 (Windows NT 6.1; Win64; x64) AppleWebKit/537.36 (KHTML, like Gecko) Chrome/79.0.3945.130 Safari/537.36]
[2020-02-26T11:06:52.902] [INFO] http - 获取访问量和点赞数
[2020-02-26T11:06:52.925] [INFO] http - null
[2020-02-26T11:06:52.925] [INFO] http - 17219
[2020-02-26T11:06:52.941] [INFO] http - [::ffff:127.0.0.1 GET /public/front/css/bootstrap.min.css.map 404 39ms][ HTTP/1.1 Mozilla/5.0 (Windows NT 6.1; Win64; x64) AppleWebKit/537.36 (KHTML, like Gecko) Chrome/79.0.3945.130 Safari/537.36]
[2020-02-26T11:07:09.842] [INFO] http - 获取访问量和点赞数
[2020-02-26T11:07:09.858] [INFO] http - null
[2020-02-26T11:07:09.858] [INFO] http - 17219
[2020-02-26T11:07:09.876] [INFO] http - /
[2020-02-26T11:07:09.894] [INFO] http - 访问量+1
[2020-02-26T11:07:09.901] [INFO] http - [::ffff:127.0.0.1 GET / 200 59ms][ HTTP/1.1 Mozilla/5.0 (Windows NT 6.1; Win64; x64) AppleWebKit/537.36 (KHTML, like Gecko) Chrome/79.0.3945.130 Safari/537.36]
[2020-02-26T11:07:10.232] [INFO] http - 获取访问量和点赞数
[2020-02-26T11:07:10.249] [INFO] http - null
[2020-02-26T11:07:10.249] [INFO] http - 17220
[2020-02-26T11:07:10.264] [INFO] http - [::ffff:127.0.0.1 GET /public/front/css/bootstrap.min.css.map 404 32ms][ HTTP/1.1 Mozilla/5.0 (Windows NT 6.1; Win64; x64) AppleWebKit/537.36 (KHTML, like Gecko) Chrome/79.0.3945.130 Safari/537.36]
[2020-02-26T11:09:03.455] [INFO] http - 获取访问量和点赞数
[2020-02-26T11:09:03.471] [INFO] http - null
[2020-02-26T11:09:03.471] [INFO] http - 17220
[2020-02-26T11:09:03.488] [INFO] http - /
[2020-02-26T11:09:03.505] [INFO] http - 访问量+1
[2020-02-26T11:09:03.513] [INFO] http - [::ffff:127.0.0.1 GET / 200 57ms][ HTTP/1.1 Mozilla/5.0 (Windows NT 6.1; Win64; x64) AppleWebKit/537.36 (KHTML, like Gecko) Chrome/79.0.3945.130 Safari/537.36]
[2020-02-26T11:09:03.966] [INFO] http - 获取访问量和点赞数
[2020-02-26T11:09:03.982] [INFO] http - null
[2020-02-26T11:09:03.982] [INFO] http - 17221
[2020-02-26T11:09:03.999] [INFO] http - [::ffff:127.0.0.1 GET /public/front/css/bootstrap.min.css.map 404 32ms][ HTTP/1.1 Mozilla/5.0 (Windows NT 6.1; Win64; x64) AppleWebKit/537.36 (KHTML, like Gecko) Chrome/79.0.3945.130 Safari/537.36]
[2020-02-26T11:09:40.726] [INFO] http - 获取访问量和点赞数
[2020-02-26T11:09:40.748] [INFO] http - null
[2020-02-26T11:09:40.748] [INFO] http - 17221
[2020-02-26T11:09:40.765] [INFO] http - /
[2020-02-26T11:09:40.779] [INFO] http - 访问量+1
[2020-02-26T11:09:40.787] [INFO] http - [::ffff:127.0.0.1 GET / 200 61ms][ HTTP/1.1 Mozilla/5.0 (Windows NT 6.1; Win64; x64) AppleWebKit/537.36 (KHTML, like Gecko) Chrome/79.0.3945.130 Safari/537.36]
[2020-02-26T11:09:41.910] [INFO] http - 获取访问量和点赞数
[2020-02-26T11:09:41.927] [INFO] http - null
[2020-02-26T11:09:41.927] [INFO] http - 17222
[2020-02-26T11:09:41.943] [INFO] http - [::ffff:127.0.0.1 GET /public/front/css/bootstrap.min.css.map 404 33ms][ HTTP/1.1 Mozilla/5.0 (Windows NT 6.1; Win64; x64) AppleWebKit/537.36 (KHTML, like Gecko) Chrome/79.0.3945.130 Safari/537.36]
[2020-02-26T11:10:16.883] [INFO] http - 获取访问量和点赞数
[2020-02-26T11:10:16.900] [INFO] http - null
[2020-02-26T11:10:16.901] [INFO] http - 17222
[2020-02-26T11:10:16.916] [INFO] http - /
[2020-02-26T11:10:16.932] [INFO] http - 访问量+1
[2020-02-26T11:10:16.937] [INFO] http - [::ffff:127.0.0.1 GET / 200 53ms][ HTTP/1.1 Mozilla/5.0 (Windows NT 6.1; Win64; x64) AppleWebKit/537.36 (KHTML, like Gecko) Chrome/79.0.3945.130 Safari/537.36]
[2020-02-26T11:10:17.444] [INFO] http - 获取访问量和点赞数
[2020-02-26T11:10:17.488] [INFO] http - null
[2020-02-26T11:10:17.489] [INFO] http - 17223
[2020-02-26T11:10:17.508] [INFO] http - [::ffff:127.0.0.1 GET /public/front/css/bootstrap.min.css.map 404 63ms][ HTTP/1.1 Mozilla/5.0 (Windows NT 6.1; Win64; x64) AppleWebKit/537.36 (KHTML, like Gecko) Chrome/79.0.3945.130 Safari/537.36]
[2020-02-26T11:10:44.944] [INFO] http - 获取访问量和点赞数
[2020-02-26T11:10:44.958] [INFO] http - null
[2020-02-26T11:10:44.958] [INFO] http - 17224
[2020-02-26T11:10:44.973] [INFO] http - /
[2020-02-26T11:10:44.989] [INFO] http - 访问量+1
[2020-02-26T11:10:44.994] [INFO] http - [::ffff:127.0.0.1 GET / 200 49ms][ HTTP/1.1 Mozilla/5.0 (Windows NT 6.1; Win64; x64) AppleWebKit/537.36 (KHTML, like Gecko) Chrome/79.0.3945.130 Safari/537.36]
[2020-02-26T11:10:45.553] [INFO] http - 获取访问量和点赞数
[2020-02-26T11:10:45.568] [INFO] http - null
[2020-02-26T11:10:45.568] [INFO] http - 17225
[2020-02-26T11:10:45.587] [INFO] http - [::ffff:127.0.0.1 GET /public/front/css/bootstrap.min.css.map 404 34ms][ HTTP/1.1 Mozilla/5.0 (Windows NT 6.1; Win64; x64) AppleWebKit/537.36 (KHTML, like Gecko) Chrome/79.0.3945.130 Safari/537.36]
[2020-02-26T11:12:03.417] [INFO] http - 获取访问量和点赞数
[2020-02-26T11:12:03.434] [INFO] http - null
[2020-02-26T11:12:03.434] [INFO] http - 17225
[2020-02-26T11:12:03.450] [INFO] http - /
[2020-02-26T11:12:03.466] [INFO] http - 访问量+1
[2020-02-26T11:12:03.471] [INFO] http - [::ffff:127.0.0.1 GET / 200 54ms][ HTTP/1.1 Mozilla/5.0 (Windows NT 6.1; Win64; x64) AppleWebKit/537.36 (KHTML, like Gecko) Chrome/79.0.3945.130 Safari/537.36]
[2020-02-26T11:12:04.050] [INFO] http - 获取访问量和点赞数
[2020-02-26T11:12:04.072] [INFO] http - null
[2020-02-26T11:12:04.072] [INFO] http - 17226
[2020-02-26T11:12:04.088] [INFO] http - [::ffff:127.0.0.1 GET /public/front/css/bootstrap.min.css.map 404 37ms][ HTTP/1.1 Mozilla/5.0 (Windows NT 6.1; Win64; x64) AppleWebKit/537.36 (KHTML, like Gecko) Chrome/79.0.3945.130 Safari/537.36]
[2020-02-26T11:14:35.307] [INFO] http - 获取访问量和点赞数
[2020-02-26T11:14:35.322] [INFO] http - null
[2020-02-26T11:14:35.322] [INFO] http - 17226
[2020-02-26T11:14:35.338] [INFO] http - /
[2020-02-26T11:14:35.354] [INFO] http - 访问量+1
[2020-02-26T11:14:35.362] [INFO] http - [::ffff:127.0.0.1 GET / 200 54ms][ HTTP/1.1 Mozilla/5.0 (Windows NT 6.1; Win64; x64) AppleWebKit/537.36 (KHTML, like Gecko) Chrome/79.0.3945.130 Safari/537.36]
[2020-02-26T11:14:35.882] [INFO] http - 获取访问量和点赞数
[2020-02-26T11:14:35.899] [INFO] http - null
[2020-02-26T11:14:35.899] [INFO] http - 17227
[2020-02-26T11:14:35.915] [INFO] http - [::ffff:127.0.0.1 GET /public/front/css/bootstrap.min.css.map 404 32ms][ HTTP/1.1 Mozilla/5.0 (Windows NT 6.1; Win64; x64) AppleWebKit/537.36 (KHTML, like Gecko) Chrome/79.0.3945.130 Safari/537.36]
[2020-02-26T11:15:03.745] [INFO] http - 获取访问量和点赞数
[2020-02-26T11:15:03.764] [INFO] http - null
[2020-02-26T11:15:03.765] [INFO] http - 17227
[2020-02-26T11:15:03.783] [INFO] http - /
[2020-02-26T11:15:03.797] [INFO] http - 访问量+1
[2020-02-26T11:15:03.805] [INFO] http - [::ffff:127.0.0.1 GET / 200 61ms][ HTTP/1.1 Mozilla/5.0 (Windows NT 6.1; Win64; x64) AppleWebKit/537.36 (KHTML, like Gecko) Chrome/79.0.3945.130 Safari/537.36]
[2020-02-26T11:15:04.366] [INFO] http - 获取访问量和点赞数
[2020-02-26T11:15:04.383] [INFO] http - null
[2020-02-26T11:15:04.384] [INFO] http - 17228
[2020-02-26T11:15:04.399] [INFO] http - [::ffff:127.0.0.1 GET /public/front/css/bootstrap.min.css.map 404 33ms][ HTTP/1.1 Mozilla/5.0 (Windows NT 6.1; Win64; x64) AppleWebKit/537.36 (KHTML, like Gecko) Chrome/79.0.3945.130 Safari/537.36]
[2020-02-26T11:15:26.487] [INFO] http - 获取访问量和点赞数
[2020-02-26T11:15:26.505] [INFO] http - null
[2020-02-26T11:15:26.505] [INFO] http - 17228
[2020-02-26T11:15:26.520] [INFO] http - /
[2020-02-26T11:15:26.534] [INFO] http - 访问量+1
[2020-02-26T11:15:26.540] [INFO] http - [::ffff:127.0.0.1 GET / 200 52ms][ HTTP/1.1 Mozilla/5.0 (Windows NT 6.1; Win64; x64) AppleWebKit/537.36 (KHTML, like Gecko) Chrome/79.0.3945.130 Safari/537.36]
[2020-02-26T11:15:26.973] [INFO] http - 获取访问量和点赞数
[2020-02-26T11:15:26.988] [INFO] http - null
[2020-02-26T11:15:26.988] [INFO] http - 17229
[2020-02-26T11:15:27.041] [INFO] http - [::ffff:127.0.0.1 GET /public/front/css/bootstrap.min.css.map 404 68ms][ HTTP/1.1 Mozilla/5.0 (Windows NT 6.1; Win64; x64) AppleWebKit/537.36 (KHTML, like Gecko) Chrome/79.0.3945.130 Safari/537.36]
[2020-02-26T11:17:47.467] [INFO] http - 获取访问量和点赞数
[2020-02-26T11:17:47.488] [INFO] http - null
[2020-02-26T11:17:47.488] [INFO] http - 17230
[2020-02-26T11:17:47.506] [INFO] http - /
[2020-02-26T11:17:47.520] [INFO] http - 访问量+1
[2020-02-26T11:17:47.529] [INFO] http - [::ffff:127.0.0.1 GET / 200 61ms][ HTTP/1.1 Mozilla/5.0 (Windows NT 6.1; Win64; x64) AppleWebKit/537.36 (KHTML, like Gecko) Chrome/79.0.3945.130 Safari/537.36]
[2020-02-26T11:17:48.059] [INFO] http - 获取访问量和点赞数
[2020-02-26T11:17:48.073] [INFO] http - null
[2020-02-26T11:17:48.074] [INFO] http - 17231
[2020-02-26T11:17:48.092] [INFO] http - [::ffff:127.0.0.1 GET /public/front/css/bootstrap.min.css.map 404 33ms][ HTTP/1.1 Mozilla/5.0 (Windows NT 6.1; Win64; x64) AppleWebKit/537.36 (KHTML, like Gecko) Chrome/79.0.3945.130 Safari/537.36]
[2020-02-26T11:18:01.799] [INFO] http - 获取访问量和点赞数
[2020-02-26T11:18:01.815] [INFO] http - null
[2020-02-26T11:18:01.815] [INFO] http - 17231
[2020-02-26T11:18:01.829] [INFO] http - /
[2020-02-26T11:18:01.844] [INFO] http - 访问量+1
[2020-02-26T11:18:01.853] [INFO] http - [::ffff:127.0.0.1 GET / 200 54ms][ HTTP/1.1 Mozilla/5.0 (Windows NT 6.1; Win64; x64) AppleWebKit/537.36 (KHTML, like Gecko) Chrome/79.0.3945.130 Safari/537.36]
[2020-02-26T11:18:02.415] [INFO] http - 获取访问量和点赞数
[2020-02-26T11:18:02.432] [INFO] http - null
[2020-02-26T11:18:02.432] [INFO] http - 17232
[2020-02-26T11:18:02.494] [INFO] http - [::ffff:127.0.0.1 GET /public/front/css/bootstrap.min.css.map 404 78ms][ HTTP/1.1 Mozilla/5.0 (Windows NT 6.1; Win64; x64) AppleWebKit/537.36 (KHTML, like Gecko) Chrome/79.0.3945.130 Safari/537.36]
[2020-02-26T11:18:21.227] [INFO] http - 获取访问量和点赞数
[2020-02-26T11:18:21.244] [INFO] http - null
[2020-02-26T11:18:21.244] [INFO] http - 17232
[2020-02-26T11:18:21.260] [INFO] http - /
[2020-02-26T11:18:21.284] [INFO] http - 访问量+1
[2020-02-26T11:18:21.291] [INFO] http - [::ffff:127.0.0.1 GET / 200 64ms][ HTTP/1.1 Mozilla/5.0 (Windows NT 6.1; Win64; x64) AppleWebKit/537.36 (KHTML, like Gecko) Chrome/79.0.3945.130 Safari/537.36]
[2020-02-26T11:18:21.745] [INFO] http - 获取访问量和点赞数
[2020-02-26T11:18:21.760] [INFO] http - null
[2020-02-26T11:18:21.761] [INFO] http - 17233
[2020-02-26T11:18:21.777] [INFO] http - [::ffff:127.0.0.1 GET /public/front/css/bootstrap.min.css.map 404 32ms][ HTTP/1.1 Mozilla/5.0 (Windows NT 6.1; Win64; x64) AppleWebKit/537.36 (KHTML, like Gecko) Chrome/79.0.3945.130 Safari/537.36]
[2020-02-26T11:19:02.115] [INFO] http - 获取访问量和点赞数
[2020-02-26T11:19:02.130] [INFO] http - null
[2020-02-26T11:19:02.130] [INFO] http - 17233
[2020-02-26T11:19:02.145] [INFO] http - /
[2020-02-26T11:19:02.159] [INFO] http - 访问量+1
[2020-02-26T11:19:02.166] [INFO] http - [::ffff:127.0.0.1 GET / 200 51ms][ HTTP/1.1 Mozilla/5.0 (Windows NT 6.1; Win64; x64) AppleWebKit/537.36 (KHTML, like Gecko) Chrome/79.0.3945.130 Safari/537.36]
[2020-02-26T11:19:02.735] [INFO] http - 获取访问量和点赞数
[2020-02-26T11:19:02.752] [INFO] http - null
[2020-02-26T11:19:02.752] [INFO] http - 17234
[2020-02-26T11:19:02.768] [INFO] http - [::ffff:127.0.0.1 GET /public/front/css/bootstrap.min.css.map 404 34ms][ HTTP/1.1 Mozilla/5.0 (Windows NT 6.1; Win64; x64) AppleWebKit/537.36 (KHTML, like Gecko) Chrome/79.0.3945.130 Safari/537.36]
[2020-02-26T11:20:51.860] [INFO] http - 获取访问量和点赞数
[2020-02-26T11:20:51.874] [INFO] http - null
[2020-02-26T11:20:51.874] [INFO] http - 17236
[2020-02-26T11:20:51.906] [INFO] http - /
[2020-02-26T11:20:51.923] [INFO] http - 访问量+1
[2020-02-26T11:20:51.928] [INFO] http - [::ffff:127.0.0.1 GET / 200 69ms][ HTTP/1.1 Mozilla/5.0 (Windows NT 6.1; Win64; x64) AppleWebKit/537.36 (KHTML, like Gecko) Chrome/79.0.3945.130 Safari/537.36]
[2020-02-26T11:20:52.488] [INFO] http - 获取访问量和点赞数
[2020-02-26T11:20:52.506] [INFO] http - null
[2020-02-26T11:20:52.507] [INFO] http - 17237
[2020-02-26T11:20:52.524] [INFO] http - [::ffff:127.0.0.1 GET /public/front/css/bootstrap.min.css.map 404 36ms][ HTTP/1.1 Mozilla/5.0 (Windows NT 6.1; Win64; x64) AppleWebKit/537.36 (KHTML, like Gecko) Chrome/79.0.3945.130 Safari/537.36]
[2020-02-26T11:21:29.384] [INFO] http - 获取访问量和点赞数
[2020-02-26T11:21:29.403] [INFO] http - null
[2020-02-26T11:21:29.403] [INFO] http - 17237
[2020-02-26T11:21:29.418] [INFO] http - /
[2020-02-26T11:21:29.434] [INFO] http - 访问量+1
[2020-02-26T11:21:29.441] [INFO] http - [::ffff:127.0.0.1 GET / 200 57ms][ HTTP/1.1 Mozilla/5.0 (Windows NT 6.1; Win64; x64) AppleWebKit/537.36 (KHTML, like Gecko) Chrome/79.0.3945.130 Safari/537.36]
[2020-02-26T11:21:30.009] [INFO] http - 获取访问量和点赞数
[2020-02-26T11:21:30.084] [INFO] http - null
[2020-02-26T11:21:30.084] [INFO] http - 17238
[2020-02-26T11:21:30.101] [INFO] http - [::ffff:127.0.0.1 GET /public/front/css/bootstrap.min.css.map 404 93ms][ HTTP/1.1 Mozilla/5.0 (Windows NT 6.1; Win64; x64) AppleWebKit/537.36 (KHTML, like Gecko) Chrome/79.0.3945.130 Safari/537.36]
[2020-02-26T11:22:35.508] [INFO] http - 获取访问量和点赞数
[2020-02-26T11:22:35.524] [INFO] http - null
[2020-02-26T11:22:35.524] [INFO] http - 17238
[2020-02-26T11:22:35.539] [INFO] http - /
[2020-02-26T11:22:35.554] [INFO] http - 访问量+1
[2020-02-26T11:22:35.563] [INFO] http - [::ffff:127.0.0.1 GET / 200 55ms][ HTTP/1.1 Mozilla/5.0 (Windows NT 6.1; Win64; x64) AppleWebKit/537.36 (KHTML, like Gecko) Chrome/79.0.3945.130 Safari/537.36]
[2020-02-26T11:22:36.026] [INFO] http - 获取访问量和点赞数
[2020-02-26T11:22:36.042] [INFO] http - null
[2020-02-26T11:22:36.042] [INFO] http - 17239
[2020-02-26T11:22:36.073] [INFO] http - [::ffff:127.0.0.1 GET /public/front/css/bootstrap.min.css.map 404 47ms][ HTTP/1.1 Mozilla/5.0 (Windows NT 6.1; Win64; x64) AppleWebKit/537.36 (KHTML, like Gecko) Chrome/79.0.3945.130 Safari/537.36]
[2020-02-26T11:22:58.208] [INFO] http - 获取访问量和点赞数
[2020-02-26T11:22:58.223] [INFO] http - null
[2020-02-26T11:22:58.223] [INFO] http - 17239
[2020-02-26T11:22:58.238] [INFO] http - /
[2020-02-26T11:22:58.254] [INFO] http - 访问量+1
[2020-02-26T11:22:58.260] [INFO] http - [::ffff:127.0.0.1 GET / 200 52ms][ HTTP/1.1 Mozilla/5.0 (Windows NT 6.1; Win64; x64) AppleWebKit/537.36 (KHTML, like Gecko) Chrome/79.0.3945.130 Safari/537.36]
[2020-02-26T11:22:58.633] [INFO] http - 获取访问量和点赞数
[2020-02-26T11:22:58.648] [INFO] http - null
[2020-02-26T11:22:58.648] [INFO] http - 17240
[2020-02-26T11:22:58.667] [INFO] http - [::ffff:127.0.0.1 GET /public/front/css/bootstrap.min.css.map 404 34ms][ HTTP/1.1 Mozilla/5.0 (Windows NT 6.1; Win64; x64) AppleWebKit/537.36 (KHTML, like Gecko) Chrome/79.0.3945.130 Safari/537.36]
[2020-02-26T11:25:03.885] [INFO] http - 获取访问量和点赞数
[2020-02-26T11:25:03.905] [INFO] http - null
[2020-02-26T11:25:03.905] [INFO] http - 17240
[2020-02-26T11:25:03.920] [INFO] http - /
[2020-02-26T11:25:03.934] [INFO] http - 访问量+1
[2020-02-26T11:25:03.940] [INFO] http - [::ffff:127.0.0.1 GET / 200 55ms][ HTTP/1.1 Mozilla/5.0 (Windows NT 6.1; Win64; x64) AppleWebKit/537.36 (KHTML, like Gecko) Chrome/79.0.3945.130 Safari/537.36]
[2020-02-26T11:25:04.448] [INFO] http - 获取访问量和点赞数
[2020-02-26T11:25:04.465] [INFO] http - null
[2020-02-26T11:25:04.466] [INFO] http - 17241
[2020-02-26T11:25:04.483] [INFO] http - [::ffff:127.0.0.1 GET /public/front/css/bootstrap.min.css.map 404 36ms][ HTTP/1.1 Mozilla/5.0 (Windows NT 6.1; Win64; x64) AppleWebKit/537.36 (KHTML, like Gecko) Chrome/79.0.3945.130 Safari/537.36]
[2020-02-26T11:26:01.320] [INFO] http - 获取访问量和点赞数
[2020-02-26T11:26:01.339] [INFO] http - null
[2020-02-26T11:26:01.339] [INFO] http - 17241
[2020-02-26T11:26:01.354] [INFO] http - /
[2020-02-26T11:26:01.368] [INFO] http - 访问量+1
[2020-02-26T11:26:01.375] [INFO] http - [::ffff:127.0.0.1 GET / 200 55ms][ HTTP/1.1 Mozilla/5.0 (Windows NT 6.1; Win64; x64) AppleWebKit/537.36 (KHTML, like Gecko) Chrome/79.0.3945.130 Safari/537.36]
[2020-02-26T11:26:01.907] [INFO] http - 获取访问量和点赞数
[2020-02-26T11:26:01.922] [INFO] http - null
[2020-02-26T11:26:01.922] [INFO] http - 17242
[2020-02-26T11:26:01.950] [INFO] http - [::ffff:127.0.0.1 GET /public/front/css/bootstrap.min.css.map 404 44ms][ HTTP/1.1 Mozilla/5.0 (Windows NT 6.1; Win64; x64) AppleWebKit/537.36 (KHTML, like Gecko) Chrome/79.0.3945.130 Safari/537.36]
[2020-02-26T11:26:24.240] [INFO] http - 获取访问量和点赞数
[2020-02-26T11:26:24.256] [INFO] http - null
[2020-02-26T11:26:24.256] [INFO] http - 17242
[2020-02-26T11:26:24.279] [INFO] http - /
[2020-02-26T11:26:24.307] [INFO] http - 访问量+1
[2020-02-26T11:26:24.313] [INFO] http - [::ffff:127.0.0.1 GET / 200 73ms][ HTTP/1.1 Mozilla/5.0 (Windows NT 6.1; Win64; x64) AppleWebKit/537.36 (KHTML, like Gecko) Chrome/79.0.3945.130 Safari/537.36]
[2020-02-26T11:26:24.827] [INFO] http - 获取访问量和点赞数
[2020-02-26T11:26:24.842] [INFO] http - null
[2020-02-26T11:26:24.843] [INFO] http - 17243
[2020-02-26T11:26:24.860] [INFO] http - [::ffff:127.0.0.1 GET /public/front/css/bootstrap.min.css.map 404 32ms][ HTTP/1.1 Mozilla/5.0 (Windows NT 6.1; Win64; x64) AppleWebKit/537.36 (KHTML, like Gecko) Chrome/79.0.3945.130 Safari/537.36]
[2020-02-26T11:28:02.513] [INFO] http - 获取访问量和点赞数
[2020-02-26T11:28:02.528] [INFO] http - null
[2020-02-26T11:28:02.528] [INFO] http - 17243
[2020-02-26T11:28:02.543] [INFO] http - /
[2020-02-26T11:28:02.558] [INFO] http - 访问量+1
[2020-02-26T11:28:02.573] [INFO] http - [::ffff:127.0.0.1 GET / 200 60ms][ HTTP/1.1 Mozilla/5.0 (Windows NT 6.1; Win64; x64) AppleWebKit/537.36 (KHTML, like Gecko) Chrome/79.0.3945.130 Safari/537.36]
[2020-02-26T11:28:03.074] [INFO] http - 获取访问量和点赞数
[2020-02-26T11:28:03.092] [INFO] http - null
[2020-02-26T11:28:03.092] [INFO] http - 17244
[2020-02-26T11:28:03.109] [INFO] http - [::ffff:127.0.0.1 GET /public/front/css/bootstrap.min.css.map 404 35ms][ HTTP/1.1 Mozilla/5.0 (Windows NT 6.1; Win64; x64) AppleWebKit/537.36 (KHTML, like Gecko) Chrome/79.0.3945.130 Safari/537.36]
[2020-02-26T11:28:11.084] [INFO] http - 获取访问量和点赞数
[2020-02-26T11:28:11.121] [INFO] http - null
[2020-02-26T11:28:11.121] [INFO] http - 17244
[2020-02-26T11:28:11.143] [INFO] http - /
[2020-02-26T11:28:11.158] [INFO] http - 访问量+1
[2020-02-26T11:28:11.163] [INFO] http - [::ffff:127.0.0.1 GET / 200 78ms][ HTTP/1.1 Mozilla/5.0 (Windows NT 6.1; Win64; x64) AppleWebKit/537.36 (KHTML, like Gecko) Chrome/79.0.3945.130 Safari/537.36]
[2020-02-26T11:28:11.503] [INFO] http - 获取访问量和点赞数
[2020-02-26T11:28:11.518] [INFO] http - null
[2020-02-26T11:28:11.519] [INFO] http - 17245
[2020-02-26T11:28:11.536] [INFO] http - [::ffff:127.0.0.1 GET /public/front/css/bootstrap.min.css.map 404 33ms][ HTTP/1.1 Mozilla/5.0 (Windows NT 6.1; Win64; x64) AppleWebKit/537.36 (KHTML, like Gecko) Chrome/79.0.3945.130 Safari/537.36]
[2020-02-26T11:28:21.025] [INFO] http - 获取访问量和点赞数
[2020-02-26T11:28:21.040] [INFO] http - null
[2020-02-26T11:28:21.040] [INFO] http - 17245
[2020-02-26T11:28:21.057] [INFO] http - /
[2020-02-26T11:28:21.071] [INFO] http - 访问量+1
[2020-02-26T11:28:21.075] [INFO] http - [::ffff:127.0.0.1 GET / 200 50ms][ HTTP/1.1 Mozilla/5.0 (Windows NT 6.1; Win64; x64) AppleWebKit/537.36 (KHTML, like Gecko) Chrome/79.0.3945.130 Safari/537.36]
[2020-02-26T11:28:21.619] [INFO] http - 获取访问量和点赞数
[2020-02-26T11:28:21.633] [INFO] http - null
[2020-02-26T11:28:21.634] [INFO] http - 17246
[2020-02-26T11:28:21.678] [INFO] http - [::ffff:127.0.0.1 GET /public/front/css/bootstrap.min.css.map 404 59ms][ HTTP/1.1 Mozilla/5.0 (Windows NT 6.1; Win64; x64) AppleWebKit/537.36 (KHTML, like Gecko) Chrome/79.0.3945.130 Safari/537.36]
[2020-02-26T11:29:07.294] [INFO] http - 获取访问量和点赞数
[2020-02-26T11:29:07.310] [INFO] http - null
[2020-02-26T11:29:07.310] [INFO] http - 17246
[2020-02-26T11:29:07.352] [INFO] http - /
[2020-02-26T11:29:07.418] [INFO] http - 访问量+1
[2020-02-26T11:29:07.425] [INFO] http - [::ffff:127.0.0.1 GET / 200 131ms][ HTTP/1.1 Mozilla/5.0 (Windows NT 6.1; Win64; x64) AppleWebKit/537.36 (KHTML, like Gecko) Chrome/79.0.3945.130 Safari/537.36]
[2020-02-26T11:29:07.929] [INFO] http - 获取访问量和点赞数
[2020-02-26T11:29:07.962] [INFO] http - null
[2020-02-26T11:29:07.963] [INFO] http - 17247
[2020-02-26T11:29:07.978] [INFO] http - [::ffff:127.0.0.1 GET /public/front/css/bootstrap.min.css.map 404 49ms][ HTTP/1.1 Mozilla/5.0 (Windows NT 6.1; Win64; x64) AppleWebKit/537.36 (KHTML, like Gecko) Chrome/79.0.3945.130 Safari/537.36]
[2020-02-26T11:31:18.347] [INFO] http - 获取访问量和点赞数
[2020-02-26T11:31:18.362] [INFO] http - null
[2020-02-26T11:31:18.363] [INFO] http - 17247
[2020-02-26T11:31:18.380] [INFO] http - /
[2020-02-26T11:31:18.395] [INFO] http - 访问量+1
[2020-02-26T11:31:18.402] [INFO] http - [::ffff:127.0.0.1 GET / 200 54ms][ HTTP/1.1 Mozilla/5.0 (Windows NT 6.1; Win64; x64) AppleWebKit/537.36 (KHTML, like Gecko) Chrome/79.0.3945.130 Safari/537.36]
[2020-02-26T11:31:18.841] [INFO] http - 获取访问量和点赞数
[2020-02-26T11:31:18.856] [INFO] http - null
[2020-02-26T11:31:18.856] [INFO] http - 17248
[2020-02-26T11:31:18.873] [INFO] http - [::ffff:127.0.0.1 GET /public/front/css/bootstrap.min.css.map 404 33ms][ HTTP/1.1 Mozilla/5.0 (Windows NT 6.1; Win64; x64) AppleWebKit/537.36 (KHTML, like Gecko) Chrome/79.0.3945.130 Safari/537.36]
[2020-02-26T11:31:24.837] [INFO] http - 获取访问量和点赞数
[2020-02-26T11:31:24.852] [INFO] http - null
[2020-02-26T11:31:24.853] [INFO] http - 17248
[2020-02-26T11:31:24.870] [INFO] http - /
[2020-02-26T11:31:24.885] [INFO] http - 访问量+1
[2020-02-26T11:31:24.891] [INFO] http - [::ffff:127.0.0.1 GET / 200 55ms][ HTTP/1.1 Mozilla/5.0 (Windows NT 6.1; Win64; x64) AppleWebKit/537.36 (KHTML, like Gecko) Chrome/79.0.3945.130 Safari/537.36]
[2020-02-26T11:31:25.311] [INFO] http - 获取访问量和点赞数
[2020-02-26T11:31:25.330] [INFO] http - null
[2020-02-26T11:31:25.330] [INFO] http - 17249
[2020-02-26T11:31:25.346] [INFO] http - [::ffff:127.0.0.1 GET /public/front/css/bootstrap.min.css.map 404 34ms][ HTTP/1.1 Mozilla/5.0 (Windows NT 6.1; Win64; x64) AppleWebKit/537.36 (KHTML, like Gecko) Chrome/79.0.3945.130 Safari/537.36]
[2020-02-26T11:32:03.233] [INFO] http - 获取访问量和点赞数
[2020-02-26T11:32:03.250] [INFO] http - null
[2020-02-26T11:32:03.250] [INFO] http - 17249
[2020-02-26T11:32:03.266] [INFO] http - /
[2020-02-26T11:32:03.288] [INFO] http - 访问量+1
[2020-02-26T11:32:03.297] [INFO] http - [::ffff:127.0.0.1 GET / 200 65ms][ HTTP/1.1 Mozilla/5.0 (Windows NT 6.1; Win64; x64) AppleWebKit/537.36 (KHTML, like Gecko) Chrome/79.0.3945.130 Safari/537.36]
[2020-02-26T11:32:03.867] [INFO] http - 获取访问量和点赞数
[2020-02-26T11:32:03.885] [INFO] http - null
[2020-02-26T11:32:03.886] [INFO] http - 17250
[2020-02-26T11:32:03.902] [INFO] http - [::ffff:127.0.0.1 GET /public/front/css/bootstrap.min.css.map 404 35ms][ HTTP/1.1 Mozilla/5.0 (Windows NT 6.1; Win64; x64) AppleWebKit/537.36 (KHTML, like Gecko) Chrome/79.0.3945.130 Safari/537.36]
[2020-02-26T11:32:06.853] [INFO] http - 获取访问量和点赞数
[2020-02-26T11:32:06.872] [INFO] http - null
[2020-02-26T11:32:06.873] [INFO] http - 17250
[2020-02-26T11:32:06.887] [INFO] http - /
[2020-02-26T11:32:06.907] [INFO] http - 访问量+1
[2020-02-26T11:32:06.914] [INFO] http - [::ffff:127.0.0.1 GET / 200 61ms][ HTTP/1.1 Mozilla/5.0 (Windows NT 6.1; Win64; x64) AppleWebKit/537.36 (KHTML, like Gecko) Chrome/79.0.3945.130 Safari/537.36]
[2020-02-26T11:32:07.435] [INFO] http - 获取访问量和点赞数
[2020-02-26T11:32:07.452] [INFO] http - null
[2020-02-26T11:32:07.453] [INFO] http - 17251
[2020-02-26T11:32:07.470] [INFO] http - [::ffff:127.0.0.1 GET /public/front/css/bootstrap.min.css.map 404 34ms][ HTTP/1.1 Mozilla/5.0 (Windows NT 6.1; Win64; x64) AppleWebKit/537.36 (KHTML, like Gecko) Chrome/79.0.3945.130 Safari/537.36]
